2024-12-16 10:11:41 INFO  [MoimApiServerApplication] - Starting MoimApiServerApplication using Java 17.0.12 with PID 13948 (C:\kwon\3차 프로젝트\moim-api-server\build\classes\java\main started by Kwonikhyeon in C:\kwon\3차 프로젝트\moim-api-server)
2024-12-16 10:11:41 INFO  [MoimApiServerApplication] - The following 1 profile is active: "dev"
2024-12-16 10:11:41 INFO  [DevToolsPropertyDefaultsPostProcessor] - Devtools property defaults active! Set 'spring.devtools.add-properties' to 'false' to disable
2024-12-16 10:11:41 INFO  [DevToolsPropertyDefaultsPostProcessor] - For additional web related logging consider setting the 'logging.level.web' property to 'DEBUG'
2024-12-16 10:11:42 WARN  [PostProcessorRegistrationDelegate$BeanPostProcessorChecker] - Bean 'org.springframework.boot.autoconfigure.jdbc.DataSourceConfiguration$Hikari' of type [org.springframework.boot.autoconfigure.jdbc.DataSourceConfiguration$Hikari] is not eligible for getting processed by all BeanPostProcessors (for example: not eligible for auto-proxying). Is this bean getting eagerly injected/applied to a currently created BeanPostProcessor [jobRegistryBeanPostProcessor]? Check the corresponding BeanPostProcessor declaration and its dependencies/advisors. If this bean does not have to be post-processed, declare it with ROLE_INFRASTRUCTURE.
2024-12-16 10:11:42 WARN  [PostProcessorRegistrationDelegate$BeanPostProcessorChecker] - Bean 'spring.datasource-org.springframework.boot.autoconfigure.jdbc.DataSourceProperties' of type [org.springframework.boot.autoconfigure.jdbc.DataSourceProperties] is not eligible for getting processed by all BeanPostProcessors (for example: not eligible for auto-proxying). Is this bean getting eagerly injected/applied to a currently created BeanPostProcessor [jobRegistryBeanPostProcessor]? Check the corresponding BeanPostProcessor declaration and its dependencies/advisors. If this bean does not have to be post-processed, declare it with ROLE_INFRASTRUCTURE.
2024-12-16 10:11:42 WARN  [PostProcessorRegistrationDelegate$BeanPostProcessorChecker] - Bean 'org.springframework.boot.autoconfigure.jdbc.DataSourceAutoConfiguration$PooledDataSourceConfiguration' of type [org.springframework.boot.autoconfigure.jdbc.DataSourceAutoConfiguration$PooledDataSourceConfiguration] is not eligible for getting processed by all BeanPostProcessors (for example: not eligible for auto-proxying). Is this bean getting eagerly injected/applied to a currently created BeanPostProcessor [jobRegistryBeanPostProcessor]? Check the corresponding BeanPostProcessor declaration and its dependencies/advisors. If this bean does not have to be post-processed, declare it with ROLE_INFRASTRUCTURE.
2024-12-16 10:11:42 WARN  [PostProcessorRegistrationDelegate$BeanPostProcessorChecker] - Bean 'jdbcConnectionDetails' of type [org.springframework.boot.autoconfigure.jdbc.PropertiesJdbcConnectionDetails] is not eligible for getting processed by all BeanPostProcessors (for example: not eligible for auto-proxying). Is this bean getting eagerly injected/applied to a currently created BeanPostProcessor [jobRegistryBeanPostProcessor]? Check the corresponding BeanPostProcessor declaration and its dependencies/advisors. If this bean does not have to be post-processed, declare it with ROLE_INFRASTRUCTURE.
2024-12-16 10:11:42 WARN  [PostProcessorRegistrationDelegate$BeanPostProcessorChecker] - Bean 'dataSource' of type [com.zaxxer.hikari.HikariDataSource] is not eligible for getting processed by all BeanPostProcessors (for example: not eligible for auto-proxying). Is this bean getting eagerly injected/applied to a currently created BeanPostProcessor [jobRegistryBeanPostProcessor]? Check the corresponding BeanPostProcessor declaration and its dependencies/advisors. If this bean does not have to be post-processed, declare it with ROLE_INFRASTRUCTURE.
2024-12-16 10:11:42 WARN  [PostProcessorRegistrationDelegate$BeanPostProcessorChecker] - Bean 'org.springframework.boot.autoconfigure.jdbc.DataSourceTransactionManagerAutoConfiguration$JdbcTransactionManagerConfiguration' of type [org.springframework.boot.autoconfigure.jdbc.DataSourceTransactionManagerAutoConfiguration$JdbcTransactionManagerConfiguration] is not eligible for getting processed by all BeanPostProcessors (for example: not eligible for auto-proxying). Is this bean getting eagerly injected/applied to a currently created BeanPostProcessor [jobRegistryBeanPostProcessor]? Check the corresponding BeanPostProcessor declaration and its dependencies/advisors. If this bean does not have to be post-processed, declare it with ROLE_INFRASTRUCTURE.
2024-12-16 10:11:42 WARN  [PostProcessorRegistrationDelegate$BeanPostProcessorChecker] - Bean 'org.springframework.boot.autoconfigure.transaction.TransactionManagerCustomizationAutoConfiguration' of type [org.springframework.boot.autoconfigure.transaction.TransactionManagerCustomizationAutoConfiguration] is not eligible for getting processed by all BeanPostProcessors (for example: not eligible for auto-proxying). Is this bean getting eagerly injected/applied to a currently created BeanPostProcessor [jobRegistryBeanPostProcessor]? Check the corresponding BeanPostProcessor declaration and its dependencies/advisors. If this bean does not have to be post-processed, declare it with ROLE_INFRASTRUCTURE.
2024-12-16 10:11:42 WARN  [PostProcessorRegistrationDelegate$BeanPostProcessorChecker] - Bean 'transactionExecutionListeners' of type [org.springframework.boot.autoconfigure.transaction.ExecutionListenersTransactionManagerCustomizer] is not eligible for getting processed by all BeanPostProcessors (for example: not eligible for auto-proxying). Is this bean getting eagerly injected/applied to a currently created BeanPostProcessor [jobRegistryBeanPostProcessor]? Check the corresponding BeanPostProcessor declaration and its dependencies/advisors. If this bean does not have to be post-processed, declare it with ROLE_INFRASTRUCTURE.
2024-12-16 10:11:42 WARN  [PostProcessorRegistrationDelegate$BeanPostProcessorChecker] - Bean 'spring.transaction-org.springframework.boot.autoconfigure.transaction.TransactionProperties' of type [org.springframework.boot.autoconfigure.transaction.TransactionProperties] is not eligible for getting processed by all BeanPostProcessors (for example: not eligible for auto-proxying). Is this bean getting eagerly injected/applied to a currently created BeanPostProcessor [jobRegistryBeanPostProcessor]? Check the corresponding BeanPostProcessor declaration and its dependencies/advisors. If this bean does not have to be post-processed, declare it with ROLE_INFRASTRUCTURE.
2024-12-16 10:11:42 WARN  [PostProcessorRegistrationDelegate$BeanPostProcessorChecker] - Bean 'platformTransactionManagerCustomizers' of type [org.springframework.boot.autoconfigure.transaction.TransactionManagerCustomizers] is not eligible for getting processed by all BeanPostProcessors (for example: not eligible for auto-proxying). Is this bean getting eagerly injected/applied to a currently created BeanPostProcessor [jobRegistryBeanPostProcessor]? Check the corresponding BeanPostProcessor declaration and its dependencies/advisors. If this bean does not have to be post-processed, declare it with ROLE_INFRASTRUCTURE.
2024-12-16 10:11:42 WARN  [PostProcessorRegistrationDelegate$BeanPostProcessorChecker] - Bean 'transactionManager' of type [org.springframework.jdbc.support.JdbcTransactionManager] is not eligible for getting processed by all BeanPostProcessors (for example: not eligible for auto-proxying). Is this bean getting eagerly injected/applied to a currently created BeanPostProcessor [jobRegistryBeanPostProcessor]? Check the corresponding BeanPostProcessor declaration and its dependencies/advisors. If this bean does not have to be post-processed, declare it with ROLE_INFRASTRUCTURE.
2024-12-16 10:11:42 WARN  [PostProcessorRegistrationDelegate$BeanPostProcessorChecker] - Bean 'spring.batch-org.springframework.boot.autoconfigure.batch.BatchProperties' of type [org.springframework.boot.autoconfigure.batch.BatchProperties] is not eligible for getting processed by all BeanPostProcessors (for example: not eligible for auto-proxying). Is this bean getting eagerly injected/applied to a currently created BeanPostProcessor [jobRegistryBeanPostProcessor]? Check the corresponding BeanPostProcessor declaration and its dependencies/advisors. If this bean does not have to be post-processed, declare it with ROLE_INFRASTRUCTURE.
2024-12-16 10:11:42 WARN  [PostProcessorRegistrationDelegate$BeanPostProcessorChecker] - Bean 'org.springframework.boot.autoconfigure.batch.BatchAutoConfiguration$SpringBootBatchConfiguration' of type [org.springframework.boot.autoconfigure.batch.BatchAutoConfiguration$SpringBootBatchConfiguration] is not eligible for getting processed by all BeanPostProcessors (for example: not eligible for auto-proxying). The currently created BeanPostProcessor [jobRegistryBeanPostProcessor] is declared through a non-static factory method on that class; consider declaring it as static instead.
2024-12-16 10:11:42 INFO  [TomcatWebServer] - Tomcat initialized with port 8090 (http)
2024-12-16 10:11:42 INFO  [Http11NioProtocol] - Initializing ProtocolHandler ["http-nio-8090"]
2024-12-16 10:11:42 INFO  [StandardService] - Starting service [Tomcat]
2024-12-16 10:11:42 INFO  [StandardEngine] - Starting Servlet engine: [Apache Tomcat/10.1.31]
2024-12-16 10:11:42 INFO  [[/]] - Initializing Spring embedded WebApplicationContext
2024-12-16 10:11:42 INFO  [ServletWebServerApplicationContext] - Root WebApplicationContext: initialization completed in 966 ms
2024-12-16 10:11:42 INFO  [HikariDataSource] - HikariPool-1 - Starting...
2024-12-16 10:11:43 INFO  [HikariPool] - HikariPool-1 - Added connection com.mysql.cj.jdbc.ConnectionImpl@3afdbf72
2024-12-16 10:11:43 INFO  [HikariDataSource] - HikariPool-1 - Start completed.
2024-12-16 10:11:43 INFO  [SecurityConfig] - passwordEncoder()
2024-12-16 10:11:43 INFO  [InitializeUserDetailsBeanManagerConfigurer$InitializeUserDetailsManagerConfigurer] - Global AuthenticationManager configured with UserDetailsService bean with name memberDetailService
2024-12-16 10:11:43 INFO  [SecurityConfig] - Configuring userSecurityFilterChain
2024-12-16 10:11:43 WARN  [ThymeleafAutoConfiguration$DefaultTemplateResolverConfiguration] - Cannot find template location: classpath:/templates/ (please add some templates, check your Thymeleaf configuration, or set spring.thymeleaf.check-template-location=false)
2024-12-16 10:11:44 WARN  [FreeMarkerAutoConfiguration] - Cannot find template location: [classpath:/templates/] (please add some templates, check your FreeMarker configuration, or set spring.freemarker.check-template-location=false)
2024-12-16 10:11:44 INFO  [StdSchedulerFactory] - Using default implementation for ThreadExecutor
2024-12-16 10:11:44 INFO  [SchedulerSignalerImpl] - Initialized Scheduler Signaller of type: class org.quartz.core.SchedulerSignalerImpl
2024-12-16 10:11:44 INFO  [QuartzScheduler] - Quartz Scheduler v.2.3.2 created.
2024-12-16 10:11:44 INFO  [RAMJobStore] - RAMJobStore initialized.
2024-12-16 10:11:44 INFO  [QuartzScheduler] - Scheduler meta-data: Quartz Scheduler (v2.3.2) 'quartzScheduler' with instanceId 'NON_CLUSTERED'
  Scheduler class: 'org.quartz.core.QuartzScheduler' - running locally.
  NOT STARTED.
  Currently in standby mode.
  Number of jobs executed: 0
  Using thread pool 'org.quartz.simpl.SimpleThreadPool' - with 10 threads.
  Using job-store 'org.quartz.simpl.RAMJobStore' - which does not support persistence. and is not clustered.

2024-12-16 10:11:44 INFO  [StdSchedulerFactory] - Quartz scheduler 'quartzScheduler' initialized from an externally provided properties instance.
2024-12-16 10:11:44 INFO  [StdSchedulerFactory] - Quartz scheduler version: 2.3.2
2024-12-16 10:11:44 INFO  [QuartzScheduler] - JobFactory set to: org.springframework.scheduling.quartz.SpringBeanJobFactory@7ce74cb8
2024-12-16 10:11:44 INFO  [OptionalLiveReloadServer] - LiveReload server is running on port 35729
2024-12-16 10:11:44 INFO  [Http11NioProtocol] - Starting ProtocolHandler ["http-nio-8090"]
2024-12-16 10:11:44 INFO  [TomcatWebServer] - Tomcat started on port 8090 (http) with context path '/'
2024-12-16 10:11:44 INFO  [SchedulerFactoryBean] - Starting Quartz Scheduler now
2024-12-16 10:11:44 INFO  [QuartzScheduler] - Scheduler quartzScheduler_$_NON_CLUSTERED started.
2024-12-16 10:11:44 INFO  [MoimApiServerApplication] - Started MoimApiServerApplication in 2.619 seconds (process running for 3.226)
2024-12-16 10:12:00 INFO  [AdvertisementScheduler] - Advertisement statuses update
2024-12-16 10:12:00 INFO  [[/]] - Initializing Spring DispatcherServlet 'dispatcherServlet'
2024-12-16 10:12:00 INFO  [DispatcherServlet] - Initializing Servlet 'dispatcherServlet'
2024-12-16 10:12:00 INFO  [DispatcherServlet] - Completed initialization in 1 ms
2024-12-16 10:12:00 INFO  [AdvertisementController] - fetchCurrentAd()
2024-12-16 10:12:00 INFO  [GroupController] - [GroupController] getPremiumGroup
2024-12-16 10:12:00 INFO  [AdvertisementService] - getAdStatus()
2024-12-16 10:12:00 INFO  [GroupController] - Fetching groups for user with ID: undefined
2024-12-16 10:12:00 INFO  [AdvertisementService] - AD GET SUCCESS
2024-12-16 10:12:00 INFO  [MemberController] - getMemberInfo()
2024-12-16 10:12:00 INFO  [MemberService] - [MemberService] getMemberInfo
2024-12-16 10:12:00 INFO  [MemberController] - getMemberInfo()
2024-12-16 10:12:00 INFO  [MemberService] - [MemberService] getMemberInfo
2024-12-16 10:12:00 INFO  [MemberService] - [MemberService] getMemberInfo successful
2024-12-16 10:12:00 INFO  [MemberService] - [MemberService] getMemberInfo successful
2024-12-16 10:12:00 INFO  [GroupController] - Fetching groups for user with ID: kwon
2024-12-16 10:12:21 INFO  [QuartzScheduler] - Scheduler quartzScheduler_$_NON_CLUSTERED paused.
2024-12-16 10:12:21 INFO  [SchedulerFactoryBean] - Shutting down Quartz Scheduler
2024-12-16 10:12:21 INFO  [QuartzScheduler] - Scheduler quartzScheduler_$_NON_CLUSTERED shutting down.
2024-12-16 10:12:21 INFO  [QuartzScheduler] - Scheduler quartzScheduler_$_NON_CLUSTERED paused.
2024-12-16 10:12:21 INFO  [QuartzScheduler] - Scheduler quartzScheduler_$_NON_CLUSTERED shutdown complete.
2024-12-16 10:12:21 INFO  [HikariDataSource] - HikariPool-1 - Shutdown initiated...
2024-12-16 10:12:21 INFO  [HikariDataSource] - HikariPool-1 - Shutdown completed.
2024-12-16 10:12:24 INFO  [DevToolsPropertyDefaultsPostProcessor] - Devtools property defaults active! Set 'spring.devtools.add-properties' to 'false' to disable
2024-12-16 10:12:24 INFO  [DevToolsPropertyDefaultsPostProcessor] - For additional web related logging consider setting the 'logging.level.web' property to 'DEBUG'
2024-12-16 10:12:24 WARN  [PostProcessorRegistrationDelegate$BeanPostProcessorChecker] - Bean 'org.springframework.boot.autoconfigure.jdbc.DataSourceConfiguration$Hikari' of type [org.springframework.boot.autoconfigure.jdbc.DataSourceConfiguration$Hikari] is not eligible for getting processed by all BeanPostProcessors (for example: not eligible for auto-proxying). Is this bean getting eagerly injected/applied to a currently created BeanPostProcessor [jobRegistryBeanPostProcessor]? Check the corresponding BeanPostProcessor declaration and its dependencies/advisors. If this bean does not have to be post-processed, declare it with ROLE_INFRASTRUCTURE.
2024-12-16 10:12:24 WARN  [PostProcessorRegistrationDelegate$BeanPostProcessorChecker] - Bean 'spring.datasource-org.springframework.boot.autoconfigure.jdbc.DataSourceProperties' of type [org.springframework.boot.autoconfigure.jdbc.DataSourceProperties] is not eligible for getting processed by all BeanPostProcessors (for example: not eligible for auto-proxying). Is this bean getting eagerly injected/applied to a currently created BeanPostProcessor [jobRegistryBeanPostProcessor]? Check the corresponding BeanPostProcessor declaration and its dependencies/advisors. If this bean does not have to be post-processed, declare it with ROLE_INFRASTRUCTURE.
2024-12-16 10:12:24 WARN  [PostProcessorRegistrationDelegate$BeanPostProcessorChecker] - Bean 'org.springframework.boot.autoconfigure.jdbc.DataSourceAutoConfiguration$PooledDataSourceConfiguration' of type [org.springframework.boot.autoconfigure.jdbc.DataSourceAutoConfiguration$PooledDataSourceConfiguration] is not eligible for getting processed by all BeanPostProcessors (for example: not eligible for auto-proxying). Is this bean getting eagerly injected/applied to a currently created BeanPostProcessor [jobRegistryBeanPostProcessor]? Check the corresponding BeanPostProcessor declaration and its dependencies/advisors. If this bean does not have to be post-processed, declare it with ROLE_INFRASTRUCTURE.
2024-12-16 10:12:24 WARN  [PostProcessorRegistrationDelegate$BeanPostProcessorChecker] - Bean 'jdbcConnectionDetails' of type [org.springframework.boot.autoconfigure.jdbc.PropertiesJdbcConnectionDetails] is not eligible for getting processed by all BeanPostProcessors (for example: not eligible for auto-proxying). Is this bean getting eagerly injected/applied to a currently created BeanPostProcessor [jobRegistryBeanPostProcessor]? Check the corresponding BeanPostProcessor declaration and its dependencies/advisors. If this bean does not have to be post-processed, declare it with ROLE_INFRASTRUCTURE.
2024-12-16 10:12:24 WARN  [PostProcessorRegistrationDelegate$BeanPostProcessorChecker] - Bean 'dataSource' of type [com.zaxxer.hikari.HikariDataSource] is not eligible for getting processed by all BeanPostProcessors (for example: not eligible for auto-proxying). Is this bean getting eagerly injected/applied to a currently created BeanPostProcessor [jobRegistryBeanPostProcessor]? Check the corresponding BeanPostProcessor declaration and its dependencies/advisors. If this bean does not have to be post-processed, declare it with ROLE_INFRASTRUCTURE.
2024-12-16 10:12:24 WARN  [PostProcessorRegistrationDelegate$BeanPostProcessorChecker] - Bean 'org.springframework.boot.autoconfigure.jdbc.DataSourceTransactionManagerAutoConfiguration$JdbcTransactionManagerConfiguration' of type [org.springframework.boot.autoconfigure.jdbc.DataSourceTransactionManagerAutoConfiguration$JdbcTransactionManagerConfiguration] is not eligible for getting processed by all BeanPostProcessors (for example: not eligible for auto-proxying). Is this bean getting eagerly injected/applied to a currently created BeanPostProcessor [jobRegistryBeanPostProcessor]? Check the corresponding BeanPostProcessor declaration and its dependencies/advisors. If this bean does not have to be post-processed, declare it with ROLE_INFRASTRUCTURE.
2024-12-16 10:12:24 WARN  [PostProcessorRegistrationDelegate$BeanPostProcessorChecker] - Bean 'org.springframework.boot.autoconfigure.transaction.TransactionManagerCustomizationAutoConfiguration' of type [org.springframework.boot.autoconfigure.transaction.TransactionManagerCustomizationAutoConfiguration] is not eligible for getting processed by all BeanPostProcessors (for example: not eligible for auto-proxying). Is this bean getting eagerly injected/applied to a currently created BeanPostProcessor [jobRegistryBeanPostProcessor]? Check the corresponding BeanPostProcessor declaration and its dependencies/advisors. If this bean does not have to be post-processed, declare it with ROLE_INFRASTRUCTURE.
2024-12-16 10:12:24 WARN  [PostProcessorRegistrationDelegate$BeanPostProcessorChecker] - Bean 'transactionExecutionListeners' of type [org.springframework.boot.autoconfigure.transaction.ExecutionListenersTransactionManagerCustomizer] is not eligible for getting processed by all BeanPostProcessors (for example: not eligible for auto-proxying). Is this bean getting eagerly injected/applied to a currently created BeanPostProcessor [jobRegistryBeanPostProcessor]? Check the corresponding BeanPostProcessor declaration and its dependencies/advisors. If this bean does not have to be post-processed, declare it with ROLE_INFRASTRUCTURE.
2024-12-16 10:12:24 WARN  [PostProcessorRegistrationDelegate$BeanPostProcessorChecker] - Bean 'spring.transaction-org.springframework.boot.autoconfigure.transaction.TransactionProperties' of type [org.springframework.boot.autoconfigure.transaction.TransactionProperties] is not eligible for getting processed by all BeanPostProcessors (for example: not eligible for auto-proxying). Is this bean getting eagerly injected/applied to a currently created BeanPostProcessor [jobRegistryBeanPostProcessor]? Check the corresponding BeanPostProcessor declaration and its dependencies/advisors. If this bean does not have to be post-processed, declare it with ROLE_INFRASTRUCTURE.
2024-12-16 10:12:24 WARN  [PostProcessorRegistrationDelegate$BeanPostProcessorChecker] - Bean 'platformTransactionManagerCustomizers' of type [org.springframework.boot.autoconfigure.transaction.TransactionManagerCustomizers] is not eligible for getting processed by all BeanPostProcessors (for example: not eligible for auto-proxying). Is this bean getting eagerly injected/applied to a currently created BeanPostProcessor [jobRegistryBeanPostProcessor]? Check the corresponding BeanPostProcessor declaration and its dependencies/advisors. If this bean does not have to be post-processed, declare it with ROLE_INFRASTRUCTURE.
2024-12-16 10:12:24 WARN  [PostProcessorRegistrationDelegate$BeanPostProcessorChecker] - Bean 'transactionManager' of type [org.springframework.jdbc.support.JdbcTransactionManager] is not eligible for getting processed by all BeanPostProcessors (for example: not eligible for auto-proxying). Is this bean getting eagerly injected/applied to a currently created BeanPostProcessor [jobRegistryBeanPostProcessor]? Check the corresponding BeanPostProcessor declaration and its dependencies/advisors. If this bean does not have to be post-processed, declare it with ROLE_INFRASTRUCTURE.
2024-12-16 10:12:24 WARN  [PostProcessorRegistrationDelegate$BeanPostProcessorChecker] - Bean 'spring.batch-org.springframework.boot.autoconfigure.batch.BatchProperties' of type [org.springframework.boot.autoconfigure.batch.BatchProperties] is not eligible for getting processed by all BeanPostProcessors (for example: not eligible for auto-proxying). Is this bean getting eagerly injected/applied to a currently created BeanPostProcessor [jobRegistryBeanPostProcessor]? Check the corresponding BeanPostProcessor declaration and its dependencies/advisors. If this bean does not have to be post-processed, declare it with ROLE_INFRASTRUCTURE.
2024-12-16 10:12:24 WARN  [PostProcessorRegistrationDelegate$BeanPostProcessorChecker] - Bean 'org.springframework.boot.autoconfigure.batch.BatchAutoConfiguration$SpringBootBatchConfiguration' of type [org.springframework.boot.autoconfigure.batch.BatchAutoConfiguration$SpringBootBatchConfiguration] is not eligible for getting processed by all BeanPostProcessors (for example: not eligible for auto-proxying). The currently created BeanPostProcessor [jobRegistryBeanPostProcessor] is declared through a non-static factory method on that class; consider declaring it as static instead.
2024-12-16 10:12:25 INFO  [TomcatWebServer] - Tomcat initialized with port 8090 (http)
2024-12-16 10:12:25 INFO  [Http11NioProtocol] - Initializing ProtocolHandler ["http-nio-8090"]
2024-12-16 10:12:25 INFO  [StandardService] - Starting service [Tomcat]
2024-12-16 10:12:25 INFO  [StandardEngine] - Starting Servlet engine: [Apache Tomcat/10.1.31]
2024-12-16 10:12:25 INFO  [[/]] - Initializing Spring embedded WebApplicationContext
2024-12-16 10:12:25 INFO  [ServletWebServerApplicationContext] - Root WebApplicationContext: initialization completed in 977 ms
2024-12-16 10:12:25 INFO  [HikariDataSource] - HikariPool-1 - Starting...
2024-12-16 10:12:25 INFO  [HikariPool] - HikariPool-1 - Added connection com.mysql.cj.jdbc.ConnectionImpl@7e433a34
2024-12-16 10:12:25 INFO  [HikariDataSource] - HikariPool-1 - Start completed.
2024-12-16 10:12:26 INFO  [InitializeUserDetailsBeanManagerConfigurer$InitializeUserDetailsManagerConfigurer] - Global AuthenticationManager configured with UserDetailsService bean with name memberDetailService
2024-12-16 10:12:26 WARN  [ThymeleafAutoConfiguration$DefaultTemplateResolverConfiguration] - Cannot find template location: classpath:/templates/ (please add some templates, check your Thymeleaf configuration, or set spring.thymeleaf.check-template-location=false)
2024-12-16 10:12:26 WARN  [FreeMarkerAutoConfiguration] - Cannot find template location: [classpath:/templates/] (please add some templates, check your FreeMarker configuration, or set spring.freemarker.check-template-location=false)
2024-12-16 10:12:26 INFO  [StdSchedulerFactory] - Using default implementation for ThreadExecutor
2024-12-16 10:12:26 INFO  [SchedulerSignalerImpl] - Initialized Scheduler Signaller of type: class org.quartz.core.SchedulerSignalerImpl
2024-12-16 10:12:26 INFO  [QuartzScheduler] - Quartz Scheduler v.2.3.2 created.
2024-12-16 10:12:26 INFO  [RAMJobStore] - RAMJobStore initialized.
2024-12-16 10:12:26 INFO  [QuartzScheduler] - Scheduler meta-data: Quartz Scheduler (v2.3.2) 'quartzScheduler' with instanceId 'NON_CLUSTERED'
  Scheduler class: 'org.quartz.core.QuartzScheduler' - running locally.
  NOT STARTED.
  Currently in standby mode.
  Number of jobs executed: 0
  Using thread pool 'org.quartz.simpl.SimpleThreadPool' - with 10 threads.
  Using job-store 'org.quartz.simpl.RAMJobStore' - which does not support persistence. and is not clustered.

2024-12-16 10:12:26 INFO  [StdSchedulerFactory] - Quartz scheduler 'quartzScheduler' initialized from an externally provided properties instance.
2024-12-16 10:12:26 INFO  [StdSchedulerFactory] - Quartz scheduler version: 2.3.2
2024-12-16 10:12:26 INFO  [QuartzScheduler] - JobFactory set to: org.springframework.scheduling.quartz.SpringBeanJobFactory@13222b39
2024-12-16 10:12:26 INFO  [OptionalLiveReloadServer] - LiveReload server is running on port 35729
2024-12-16 10:12:26 INFO  [Http11NioProtocol] - Starting ProtocolHandler ["http-nio-8090"]
2024-12-16 10:12:26 INFO  [TomcatWebServer] - Tomcat started on port 8090 (http) with context path '/'
2024-12-16 10:12:26 INFO  [SchedulerFactoryBean] - Starting Quartz Scheduler now
2024-12-16 10:12:26 INFO  [QuartzScheduler] - Scheduler quartzScheduler_$_NON_CLUSTERED started.
2024-12-16 10:12:36 INFO  [[/]] - Initializing Spring DispatcherServlet 'dispatcherServlet'
2024-12-16 10:12:36 INFO  [DispatcherServlet] - Initializing Servlet 'dispatcherServlet'
2024-12-16 10:12:36 INFO  [DispatcherServlet] - Completed initialization in 1 ms
2024-12-16 11:39:37 INFO  [QuartzScheduler] - Scheduler quartzScheduler_$_NON_CLUSTERED paused.
2024-12-16 11:39:37 INFO  [SchedulerFactoryBean] - Shutting down Quartz Scheduler
2024-12-16 11:39:37 INFO  [QuartzScheduler] - Scheduler quartzScheduler_$_NON_CLUSTERED shutting down.
2024-12-16 11:39:37 INFO  [QuartzScheduler] - Scheduler quartzScheduler_$_NON_CLUSTERED paused.
2024-12-16 11:39:37 INFO  [QuartzScheduler] - Scheduler quartzScheduler_$_NON_CLUSTERED shutdown complete.
2024-12-16 11:39:37 INFO  [HikariDataSource] - HikariPool-1 - Shutdown initiated...
2024-12-16 11:39:37 INFO  [HikariDataSource] - HikariPool-1 - Shutdown completed.
2024-12-16 11:46:05 INFO  [DevToolsPropertyDefaultsPostProcessor] - Devtools property defaults active! Set 'spring.devtools.add-properties' to 'false' to disable
2024-12-16 11:46:05 INFO  [DevToolsPropertyDefaultsPostProcessor] - For additional web related logging consider setting the 'logging.level.web' property to 'DEBUG'
2024-12-16 11:46:06 WARN  [PostProcessorRegistrationDelegate$BeanPostProcessorChecker] - Bean 'org.springframework.boot.autoconfigure.jdbc.DataSourceConfiguration$Hikari' of type [org.springframework.boot.autoconfigure.jdbc.DataSourceConfiguration$Hikari] is not eligible for getting processed by all BeanPostProcessors (for example: not eligible for auto-proxying). Is this bean getting eagerly injected/applied to a currently created BeanPostProcessor [jobRegistryBeanPostProcessor]? Check the corresponding BeanPostProcessor declaration and its dependencies/advisors. If this bean does not have to be post-processed, declare it with ROLE_INFRASTRUCTURE.
2024-12-16 11:46:06 WARN  [PostProcessorRegistrationDelegate$BeanPostProcessorChecker] - Bean 'spring.datasource-org.springframework.boot.autoconfigure.jdbc.DataSourceProperties' of type [org.springframework.boot.autoconfigure.jdbc.DataSourceProperties] is not eligible for getting processed by all BeanPostProcessors (for example: not eligible for auto-proxying). Is this bean getting eagerly injected/applied to a currently created BeanPostProcessor [jobRegistryBeanPostProcessor]? Check the corresponding BeanPostProcessor declaration and its dependencies/advisors. If this bean does not have to be post-processed, declare it with ROLE_INFRASTRUCTURE.
2024-12-16 11:46:06 WARN  [PostProcessorRegistrationDelegate$BeanPostProcessorChecker] - Bean 'org.springframework.boot.autoconfigure.jdbc.DataSourceAutoConfiguration$PooledDataSourceConfiguration' of type [org.springframework.boot.autoconfigure.jdbc.DataSourceAutoConfiguration$PooledDataSourceConfiguration] is not eligible for getting processed by all BeanPostProcessors (for example: not eligible for auto-proxying). Is this bean getting eagerly injected/applied to a currently created BeanPostProcessor [jobRegistryBeanPostProcessor]? Check the corresponding BeanPostProcessor declaration and its dependencies/advisors. If this bean does not have to be post-processed, declare it with ROLE_INFRASTRUCTURE.
2024-12-16 11:46:06 WARN  [PostProcessorRegistrationDelegate$BeanPostProcessorChecker] - Bean 'jdbcConnectionDetails' of type [org.springframework.boot.autoconfigure.jdbc.PropertiesJdbcConnectionDetails] is not eligible for getting processed by all BeanPostProcessors (for example: not eligible for auto-proxying). Is this bean getting eagerly injected/applied to a currently created BeanPostProcessor [jobRegistryBeanPostProcessor]? Check the corresponding BeanPostProcessor declaration and its dependencies/advisors. If this bean does not have to be post-processed, declare it with ROLE_INFRASTRUCTURE.
2024-12-16 11:46:06 WARN  [PostProcessorRegistrationDelegate$BeanPostProcessorChecker] - Bean 'dataSource' of type [com.zaxxer.hikari.HikariDataSource] is not eligible for getting processed by all BeanPostProcessors (for example: not eligible for auto-proxying). Is this bean getting eagerly injected/applied to a currently created BeanPostProcessor [jobRegistryBeanPostProcessor]? Check the corresponding BeanPostProcessor declaration and its dependencies/advisors. If this bean does not have to be post-processed, declare it with ROLE_INFRASTRUCTURE.
2024-12-16 11:46:06 WARN  [PostProcessorRegistrationDelegate$BeanPostProcessorChecker] - Bean 'org.springframework.boot.autoconfigure.jdbc.DataSourceTransactionManagerAutoConfiguration$JdbcTransactionManagerConfiguration' of type [org.springframework.boot.autoconfigure.jdbc.DataSourceTransactionManagerAutoConfiguration$JdbcTransactionManagerConfiguration] is not eligible for getting processed by all BeanPostProcessors (for example: not eligible for auto-proxying). Is this bean getting eagerly injected/applied to a currently created BeanPostProcessor [jobRegistryBeanPostProcessor]? Check the corresponding BeanPostProcessor declaration and its dependencies/advisors. If this bean does not have to be post-processed, declare it with ROLE_INFRASTRUCTURE.
2024-12-16 11:46:06 WARN  [PostProcessorRegistrationDelegate$BeanPostProcessorChecker] - Bean 'org.springframework.boot.autoconfigure.transaction.TransactionManagerCustomizationAutoConfiguration' of type [org.springframework.boot.autoconfigure.transaction.TransactionManagerCustomizationAutoConfiguration] is not eligible for getting processed by all BeanPostProcessors (for example: not eligible for auto-proxying). Is this bean getting eagerly injected/applied to a currently created BeanPostProcessor [jobRegistryBeanPostProcessor]? Check the corresponding BeanPostProcessor declaration and its dependencies/advisors. If this bean does not have to be post-processed, declare it with ROLE_INFRASTRUCTURE.
2024-12-16 11:46:06 WARN  [PostProcessorRegistrationDelegate$BeanPostProcessorChecker] - Bean 'transactionExecutionListeners' of type [org.springframework.boot.autoconfigure.transaction.ExecutionListenersTransactionManagerCustomizer] is not eligible for getting processed by all BeanPostProcessors (for example: not eligible for auto-proxying). Is this bean getting eagerly injected/applied to a currently created BeanPostProcessor [jobRegistryBeanPostProcessor]? Check the corresponding BeanPostProcessor declaration and its dependencies/advisors. If this bean does not have to be post-processed, declare it with ROLE_INFRASTRUCTURE.
2024-12-16 11:46:06 WARN  [PostProcessorRegistrationDelegate$BeanPostProcessorChecker] - Bean 'spring.transaction-org.springframework.boot.autoconfigure.transaction.TransactionProperties' of type [org.springframework.boot.autoconfigure.transaction.TransactionProperties] is not eligible for getting processed by all BeanPostProcessors (for example: not eligible for auto-proxying). Is this bean getting eagerly injected/applied to a currently created BeanPostProcessor [jobRegistryBeanPostProcessor]? Check the corresponding BeanPostProcessor declaration and its dependencies/advisors. If this bean does not have to be post-processed, declare it with ROLE_INFRASTRUCTURE.
2024-12-16 11:46:06 WARN  [PostProcessorRegistrationDelegate$BeanPostProcessorChecker] - Bean 'platformTransactionManagerCustomizers' of type [org.springframework.boot.autoconfigure.transaction.TransactionManagerCustomizers] is not eligible for getting processed by all BeanPostProcessors (for example: not eligible for auto-proxying). Is this bean getting eagerly injected/applied to a currently created BeanPostProcessor [jobRegistryBeanPostProcessor]? Check the corresponding BeanPostProcessor declaration and its dependencies/advisors. If this bean does not have to be post-processed, declare it with ROLE_INFRASTRUCTURE.
2024-12-16 11:46:06 WARN  [PostProcessorRegistrationDelegate$BeanPostProcessorChecker] - Bean 'transactionManager' of type [org.springframework.jdbc.support.JdbcTransactionManager] is not eligible for getting processed by all BeanPostProcessors (for example: not eligible for auto-proxying). Is this bean getting eagerly injected/applied to a currently created BeanPostProcessor [jobRegistryBeanPostProcessor]? Check the corresponding BeanPostProcessor declaration and its dependencies/advisors. If this bean does not have to be post-processed, declare it with ROLE_INFRASTRUCTURE.
2024-12-16 11:46:06 WARN  [PostProcessorRegistrationDelegate$BeanPostProcessorChecker] - Bean 'spring.batch-org.springframework.boot.autoconfigure.batch.BatchProperties' of type [org.springframework.boot.autoconfigure.batch.BatchProperties] is not eligible for getting processed by all BeanPostProcessors (for example: not eligible for auto-proxying). Is this bean getting eagerly injected/applied to a currently created BeanPostProcessor [jobRegistryBeanPostProcessor]? Check the corresponding BeanPostProcessor declaration and its dependencies/advisors. If this bean does not have to be post-processed, declare it with ROLE_INFRASTRUCTURE.
2024-12-16 11:46:06 WARN  [PostProcessorRegistrationDelegate$BeanPostProcessorChecker] - Bean 'org.springframework.boot.autoconfigure.batch.BatchAutoConfiguration$SpringBootBatchConfiguration' of type [org.springframework.boot.autoconfigure.batch.BatchAutoConfiguration$SpringBootBatchConfiguration] is not eligible for getting processed by all BeanPostProcessors (for example: not eligible for auto-proxying). The currently created BeanPostProcessor [jobRegistryBeanPostProcessor] is declared through a non-static factory method on that class; consider declaring it as static instead.
2024-12-16 11:46:06 INFO  [TomcatWebServer] - Tomcat initialized with port 8090 (http)
2024-12-16 11:46:06 INFO  [Http11NioProtocol] - Initializing ProtocolHandler ["http-nio-8090"]
2024-12-16 11:46:06 INFO  [StandardService] - Starting service [Tomcat]
2024-12-16 11:46:06 INFO  [StandardEngine] - Starting Servlet engine: [Apache Tomcat/10.1.31]
2024-12-16 11:46:06 INFO  [[/]] - Initializing Spring embedded WebApplicationContext
2024-12-16 11:46:06 INFO  [ServletWebServerApplicationContext] - Root WebApplicationContext: initialization completed in 1363 ms
2024-12-16 11:46:06 INFO  [HikariDataSource] - HikariPool-1 - Starting...
2024-12-16 11:46:06 INFO  [HikariPool] - HikariPool-1 - Added connection com.mysql.cj.jdbc.ConnectionImpl@7e433a34
2024-12-16 11:46:06 INFO  [HikariDataSource] - HikariPool-1 - Start completed.
2024-12-16 11:46:07 INFO  [InitializeUserDetailsBeanManagerConfigurer$InitializeUserDetailsManagerConfigurer] - Global AuthenticationManager configured with UserDetailsService bean with name memberDetailService
2024-12-16 11:46:07 WARN  [ThymeleafAutoConfiguration$DefaultTemplateResolverConfiguration] - Cannot find template location: classpath:/templates/ (please add some templates, check your Thymeleaf configuration, or set spring.thymeleaf.check-template-location=false)
2024-12-16 11:46:07 WARN  [FreeMarkerAutoConfiguration] - Cannot find template location: [classpath:/templates/] (please add some templates, check your FreeMarker configuration, or set spring.freemarker.check-template-location=false)
2024-12-16 11:46:08 INFO  [StdSchedulerFactory] - Using default implementation for ThreadExecutor
2024-12-16 11:46:08 INFO  [SchedulerSignalerImpl] - Initialized Scheduler Signaller of type: class org.quartz.core.SchedulerSignalerImpl
2024-12-16 11:46:08 INFO  [QuartzScheduler] - Quartz Scheduler v.2.3.2 created.
2024-12-16 11:46:08 INFO  [RAMJobStore] - RAMJobStore initialized.
2024-12-16 11:46:08 INFO  [QuartzScheduler] - Scheduler meta-data: Quartz Scheduler (v2.3.2) 'quartzScheduler' with instanceId 'NON_CLUSTERED'
  Scheduler class: 'org.quartz.core.QuartzScheduler' - running locally.
  NOT STARTED.
  Currently in standby mode.
  Number of jobs executed: 0
  Using thread pool 'org.quartz.simpl.SimpleThreadPool' - with 10 threads.
  Using job-store 'org.quartz.simpl.RAMJobStore' - which does not support persistence. and is not clustered.

2024-12-16 11:46:08 INFO  [StdSchedulerFactory] - Quartz scheduler 'quartzScheduler' initialized from an externally provided properties instance.
2024-12-16 11:46:08 INFO  [StdSchedulerFactory] - Quartz scheduler version: 2.3.2
2024-12-16 11:46:08 INFO  [QuartzScheduler] - JobFactory set to: org.springframework.scheduling.quartz.SpringBeanJobFactory@13222b39
2024-12-16 11:46:08 INFO  [OptionalLiveReloadServer] - LiveReload server is running on port 35729
2024-12-16 11:46:08 INFO  [Http11NioProtocol] - Starting ProtocolHandler ["http-nio-8090"]
2024-12-16 11:46:08 INFO  [TomcatWebServer] - Tomcat started on port 8090 (http) with context path '/'
2024-12-16 11:46:08 INFO  [SchedulerFactoryBean] - Starting Quartz Scheduler now
2024-12-16 11:46:08 INFO  [QuartzScheduler] - Scheduler quartzScheduler_$_NON_CLUSTERED started.
2024-12-16 11:47:12 INFO  [[/]] - Initializing Spring DispatcherServlet 'dispatcherServlet'
2024-12-16 11:47:12 INFO  [DispatcherServlet] - Initializing Servlet 'dispatcherServlet'
2024-12-16 11:47:12 INFO  [DispatcherServlet] - Completed initialization in 2 ms
2024-12-16 13:34:44 WARN  [HikariPool] - HikariPool-1 - Thread starvation or clock leap detected (housekeeper delta=20m6s969ms314µs100ns).
2024-12-16 13:55:03 INFO  [QuartzScheduler] - Scheduler quartzScheduler_$_NON_CLUSTERED paused.
2024-12-16 13:55:04 INFO  [SchedulerFactoryBean] - Shutting down Quartz Scheduler
2024-12-16 13:55:04 INFO  [QuartzScheduler] - Scheduler quartzScheduler_$_NON_CLUSTERED shutting down.
2024-12-16 13:55:04 INFO  [QuartzScheduler] - Scheduler quartzScheduler_$_NON_CLUSTERED paused.
2024-12-16 13:55:04 INFO  [QuartzScheduler] - Scheduler quartzScheduler_$_NON_CLUSTERED shutdown complete.
2024-12-16 13:55:04 INFO  [HikariDataSource] - HikariPool-1 - Shutdown initiated...
2024-12-16 13:55:04 INFO  [HikariDataSource] - HikariPool-1 - Shutdown completed.
2024-12-16 13:55:07 INFO  [DevToolsPropertyDefaultsPostProcessor] - Devtools property defaults active! Set 'spring.devtools.add-properties' to 'false' to disable
2024-12-16 13:55:07 INFO  [DevToolsPropertyDefaultsPostProcessor] - For additional web related logging consider setting the 'logging.level.web' property to 'DEBUG'
2024-12-16 13:55:08 WARN  [PostProcessorRegistrationDelegate$BeanPostProcessorChecker] - Bean 'org.springframework.boot.autoconfigure.jdbc.DataSourceConfiguration$Hikari' of type [org.springframework.boot.autoconfigure.jdbc.DataSourceConfiguration$Hikari] is not eligible for getting processed by all BeanPostProcessors (for example: not eligible for auto-proxying). Is this bean getting eagerly injected/applied to a currently created BeanPostProcessor [jobRegistryBeanPostProcessor]? Check the corresponding BeanPostProcessor declaration and its dependencies/advisors. If this bean does not have to be post-processed, declare it with ROLE_INFRASTRUCTURE.
2024-12-16 13:55:08 WARN  [PostProcessorRegistrationDelegate$BeanPostProcessorChecker] - Bean 'spring.datasource-org.springframework.boot.autoconfigure.jdbc.DataSourceProperties' of type [org.springframework.boot.autoconfigure.jdbc.DataSourceProperties] is not eligible for getting processed by all BeanPostProcessors (for example: not eligible for auto-proxying). Is this bean getting eagerly injected/applied to a currently created BeanPostProcessor [jobRegistryBeanPostProcessor]? Check the corresponding BeanPostProcessor declaration and its dependencies/advisors. If this bean does not have to be post-processed, declare it with ROLE_INFRASTRUCTURE.
2024-12-16 13:55:08 WARN  [PostProcessorRegistrationDelegate$BeanPostProcessorChecker] - Bean 'org.springframework.boot.autoconfigure.jdbc.DataSourceAutoConfiguration$PooledDataSourceConfiguration' of type [org.springframework.boot.autoconfigure.jdbc.DataSourceAutoConfiguration$PooledDataSourceConfiguration] is not eligible for getting processed by all BeanPostProcessors (for example: not eligible for auto-proxying). Is this bean getting eagerly injected/applied to a currently created BeanPostProcessor [jobRegistryBeanPostProcessor]? Check the corresponding BeanPostProcessor declaration and its dependencies/advisors. If this bean does not have to be post-processed, declare it with ROLE_INFRASTRUCTURE.
2024-12-16 13:55:08 WARN  [PostProcessorRegistrationDelegate$BeanPostProcessorChecker] - Bean 'jdbcConnectionDetails' of type [org.springframework.boot.autoconfigure.jdbc.PropertiesJdbcConnectionDetails] is not eligible for getting processed by all BeanPostProcessors (for example: not eligible for auto-proxying). Is this bean getting eagerly injected/applied to a currently created BeanPostProcessor [jobRegistryBeanPostProcessor]? Check the corresponding BeanPostProcessor declaration and its dependencies/advisors. If this bean does not have to be post-processed, declare it with ROLE_INFRASTRUCTURE.
2024-12-16 13:55:08 WARN  [PostProcessorRegistrationDelegate$BeanPostProcessorChecker] - Bean 'dataSource' of type [com.zaxxer.hikari.HikariDataSource] is not eligible for getting processed by all BeanPostProcessors (for example: not eligible for auto-proxying). Is this bean getting eagerly injected/applied to a currently created BeanPostProcessor [jobRegistryBeanPostProcessor]? Check the corresponding BeanPostProcessor declaration and its dependencies/advisors. If this bean does not have to be post-processed, declare it with ROLE_INFRASTRUCTURE.
2024-12-16 13:55:08 WARN  [PostProcessorRegistrationDelegate$BeanPostProcessorChecker] - Bean 'org.springframework.boot.autoconfigure.jdbc.DataSourceTransactionManagerAutoConfiguration$JdbcTransactionManagerConfiguration' of type [org.springframework.boot.autoconfigure.jdbc.DataSourceTransactionManagerAutoConfiguration$JdbcTransactionManagerConfiguration] is not eligible for getting processed by all BeanPostProcessors (for example: not eligible for auto-proxying). Is this bean getting eagerly injected/applied to a currently created BeanPostProcessor [jobRegistryBeanPostProcessor]? Check the corresponding BeanPostProcessor declaration and its dependencies/advisors. If this bean does not have to be post-processed, declare it with ROLE_INFRASTRUCTURE.
2024-12-16 13:55:08 WARN  [PostProcessorRegistrationDelegate$BeanPostProcessorChecker] - Bean 'org.springframework.boot.autoconfigure.transaction.TransactionManagerCustomizationAutoConfiguration' of type [org.springframework.boot.autoconfigure.transaction.TransactionManagerCustomizationAutoConfiguration] is not eligible for getting processed by all BeanPostProcessors (for example: not eligible for auto-proxying). Is this bean getting eagerly injected/applied to a currently created BeanPostProcessor [jobRegistryBeanPostProcessor]? Check the corresponding BeanPostProcessor declaration and its dependencies/advisors. If this bean does not have to be post-processed, declare it with ROLE_INFRASTRUCTURE.
2024-12-16 13:55:08 WARN  [PostProcessorRegistrationDelegate$BeanPostProcessorChecker] - Bean 'transactionExecutionListeners' of type [org.springframework.boot.autoconfigure.transaction.ExecutionListenersTransactionManagerCustomizer] is not eligible for getting processed by all BeanPostProcessors (for example: not eligible for auto-proxying). Is this bean getting eagerly injected/applied to a currently created BeanPostProcessor [jobRegistryBeanPostProcessor]? Check the corresponding BeanPostProcessor declaration and its dependencies/advisors. If this bean does not have to be post-processed, declare it with ROLE_INFRASTRUCTURE.
2024-12-16 13:55:08 WARN  [PostProcessorRegistrationDelegate$BeanPostProcessorChecker] - Bean 'spring.transaction-org.springframework.boot.autoconfigure.transaction.TransactionProperties' of type [org.springframework.boot.autoconfigure.transaction.TransactionProperties] is not eligible for getting processed by all BeanPostProcessors (for example: not eligible for auto-proxying). Is this bean getting eagerly injected/applied to a currently created BeanPostProcessor [jobRegistryBeanPostProcessor]? Check the corresponding BeanPostProcessor declaration and its dependencies/advisors. If this bean does not have to be post-processed, declare it with ROLE_INFRASTRUCTURE.
2024-12-16 13:55:08 WARN  [PostProcessorRegistrationDelegate$BeanPostProcessorChecker] - Bean 'platformTransactionManagerCustomizers' of type [org.springframework.boot.autoconfigure.transaction.TransactionManagerCustomizers] is not eligible for getting processed by all BeanPostProcessors (for example: not eligible for auto-proxying). Is this bean getting eagerly injected/applied to a currently created BeanPostProcessor [jobRegistryBeanPostProcessor]? Check the corresponding BeanPostProcessor declaration and its dependencies/advisors. If this bean does not have to be post-processed, declare it with ROLE_INFRASTRUCTURE.
2024-12-16 13:55:08 WARN  [PostProcessorRegistrationDelegate$BeanPostProcessorChecker] - Bean 'transactionManager' of type [org.springframework.jdbc.support.JdbcTransactionManager] is not eligible for getting processed by all BeanPostProcessors (for example: not eligible for auto-proxying). Is this bean getting eagerly injected/applied to a currently created BeanPostProcessor [jobRegistryBeanPostProcessor]? Check the corresponding BeanPostProcessor declaration and its dependencies/advisors. If this bean does not have to be post-processed, declare it with ROLE_INFRASTRUCTURE.
2024-12-16 13:55:08 WARN  [PostProcessorRegistrationDelegate$BeanPostProcessorChecker] - Bean 'spring.batch-org.springframework.boot.autoconfigure.batch.BatchProperties' of type [org.springframework.boot.autoconfigure.batch.BatchProperties] is not eligible for getting processed by all BeanPostProcessors (for example: not eligible for auto-proxying). Is this bean getting eagerly injected/applied to a currently created BeanPostProcessor [jobRegistryBeanPostProcessor]? Check the corresponding BeanPostProcessor declaration and its dependencies/advisors. If this bean does not have to be post-processed, declare it with ROLE_INFRASTRUCTURE.
2024-12-16 13:55:08 WARN  [PostProcessorRegistrationDelegate$BeanPostProcessorChecker] - Bean 'org.springframework.boot.autoconfigure.batch.BatchAutoConfiguration$SpringBootBatchConfiguration' of type [org.springframework.boot.autoconfigure.batch.BatchAutoConfiguration$SpringBootBatchConfiguration] is not eligible for getting processed by all BeanPostProcessors (for example: not eligible for auto-proxying). The currently created BeanPostProcessor [jobRegistryBeanPostProcessor] is declared through a non-static factory method on that class; consider declaring it as static instead.
2024-12-16 13:55:08 INFO  [TomcatWebServer] - Tomcat initialized with port 8090 (http)
2024-12-16 13:55:08 INFO  [Http11NioProtocol] - Initializing ProtocolHandler ["http-nio-8090"]
2024-12-16 13:55:08 INFO  [StandardService] - Starting service [Tomcat]
2024-12-16 13:55:08 INFO  [StandardEngine] - Starting Servlet engine: [Apache Tomcat/10.1.31]
2024-12-16 13:55:08 INFO  [[/]] - Initializing Spring embedded WebApplicationContext
2024-12-16 13:55:08 INFO  [ServletWebServerApplicationContext] - Root WebApplicationContext: initialization completed in 962 ms
2024-12-16 13:55:08 INFO  [HikariDataSource] - HikariPool-1 - Starting...
2024-12-16 13:55:08 INFO  [HikariPool] - HikariPool-1 - Added connection com.mysql.cj.jdbc.ConnectionImpl@7e433a34
2024-12-16 13:55:08 INFO  [HikariDataSource] - HikariPool-1 - Start completed.
2024-12-16 13:55:09 INFO  [InitializeUserDetailsBeanManagerConfigurer$InitializeUserDetailsManagerConfigurer] - Global AuthenticationManager configured with UserDetailsService bean with name memberDetailService
2024-12-16 13:55:09 WARN  [ThymeleafAutoConfiguration$DefaultTemplateResolverConfiguration] - Cannot find template location: classpath:/templates/ (please add some templates, check your Thymeleaf configuration, or set spring.thymeleaf.check-template-location=false)
2024-12-16 13:55:09 WARN  [FreeMarkerAutoConfiguration] - Cannot find template location: [classpath:/templates/] (please add some templates, check your FreeMarker configuration, or set spring.freemarker.check-template-location=false)
2024-12-16 13:55:09 INFO  [StdSchedulerFactory] - Using default implementation for ThreadExecutor
2024-12-16 13:55:09 INFO  [SchedulerSignalerImpl] - Initialized Scheduler Signaller of type: class org.quartz.core.SchedulerSignalerImpl
2024-12-16 13:55:09 INFO  [QuartzScheduler] - Quartz Scheduler v.2.3.2 created.
2024-12-16 13:55:09 INFO  [RAMJobStore] - RAMJobStore initialized.
2024-12-16 13:55:09 INFO  [QuartzScheduler] - Scheduler meta-data: Quartz Scheduler (v2.3.2) 'quartzScheduler' with instanceId 'NON_CLUSTERED'
  Scheduler class: 'org.quartz.core.QuartzScheduler' - running locally.
  NOT STARTED.
  Currently in standby mode.
  Number of jobs executed: 0
  Using thread pool 'org.quartz.simpl.SimpleThreadPool' - with 10 threads.
  Using job-store 'org.quartz.simpl.RAMJobStore' - which does not support persistence. and is not clustered.

2024-12-16 13:55:09 INFO  [StdSchedulerFactory] - Quartz scheduler 'quartzScheduler' initialized from an externally provided properties instance.
2024-12-16 13:55:09 INFO  [StdSchedulerFactory] - Quartz scheduler version: 2.3.2
2024-12-16 13:55:09 INFO  [QuartzScheduler] - JobFactory set to: org.springframework.scheduling.quartz.SpringBeanJobFactory@13222b39
2024-12-16 13:55:09 INFO  [OptionalLiveReloadServer] - LiveReload server is running on port 35729
2024-12-16 13:55:09 INFO  [Http11NioProtocol] - Starting ProtocolHandler ["http-nio-8090"]
2024-12-16 13:55:09 INFO  [TomcatWebServer] - Tomcat started on port 8090 (http) with context path '/'
2024-12-16 13:55:09 INFO  [SchedulerFactoryBean] - Starting Quartz Scheduler now
2024-12-16 13:55:09 INFO  [QuartzScheduler] - Scheduler quartzScheduler_$_NON_CLUSTERED started.
2024-12-16 13:55:12 INFO  [[/]] - Initializing Spring DispatcherServlet 'dispatcherServlet'
2024-12-16 13:55:12 INFO  [DispatcherServlet] - Initializing Servlet 'dispatcherServlet'
2024-12-16 13:55:12 INFO  [DispatcherServlet] - Completed initialization in 1 ms
